{"/Users/baseline01/Desktop/sideProject/fantasy-tracker-backend/src/app.js": {"path":"/Users/baseline01/Desktop/sideProject/fantasy-tracker-backend/src/app.js","statementMap":{"0":{"start":{"line":1,"column":16},"end":{"line":1,"column":0}},"1":{"start":{"line":2,"column":13},"end":{"line":2,"column":0}},"2":{"start":{"line":3,"column":19},"end":{"line":3,"column":0}},"3":{"start":{"line":4,"column":13},"end":{"line":4,"column":0}},"4":{"start":{"line":5,"column":12},"end":{"line":5,"column":0}},"5":{"start":{"line":6,"column":15},"end":{"line":6,"column":0}},"6":{"start":{"line":8,"column":0},"end":{"line":null,"column":-1}},"7":{"start":{"line":10,"column":0},"end":{"line":null,"column":-1}},"8":{"start":{"line":15,"column":0},"end":{"line":null,"column":-1}},"9":{"start":{"line":17,"column":0},"end":{"line":null,"column":-1}},"10":{"start":{"line":19,"column":0},"end":{"line":null,"column":-1}},"11":{"start":{"line":21,"column":0},"end":{"line":null,"column":-1}}},"fnMap":{},"branchMap":{},"s":{"0":0,"1":0,"2":0,"3":0,"4":0,"5":0,"6":0,"7":0,"8":0,"9":0,"10":0,"11":0},"f":{},"b":{}}
,"/Users/baseline01/Desktop/sideProject/fantasy-tracker-backend/src/server.js": {"path":"/Users/baseline01/Desktop/sideProject/fantasy-tracker-backend/src/server.js","statementMap":{"0":{"start":{"line":1,"column":12},"end":{"line":1,"column":0}},"1":{"start":{"line":2,"column":13},"end":{"line":2,"column":0}},"2":{"start":{"line":4,"column":0},"end":{"line":null,"column":-1}},"3":{"start":{"line":5,"column":2},"end":{"line":null,"column":-1}}},"fnMap":{"0":{"name":"(anonymous_0)","decl":{"start":{"line":4,"column":17},"end":{"line":4,"column":22}},"loc":{"start":{"line":4,"column":23},"end":{"line":4,"column":0}}}},"branchMap":{},"s":{"0":0,"1":0,"2":0,"3":0},"f":{"0":0},"b":{}}
,"/Users/baseline01/Desktop/sideProject/fantasy-tracker-backend/src/routes/index.js": {"path":"/Users/baseline01/Desktop/sideProject/fantasy-tracker-backend/src/routes/index.js","statementMap":{"0":{"start":{"line":1,"column":14},"end":{"line":1,"column":32}},"1":{"start":{"line":2,"column":13},"end":{"line":2,"column":29}},"2":{"start":{"line":3,"column":19},"end":{"line":3,"column":50}},"3":{"start":{"line":5,"column":0},"end":{"line":14,"column":2}},"4":{"start":{"line":8,"column":2},"end":{"line":8,"column":18}},"5":{"start":{"line":9,"column":2},"end":{"line":9,"column":24}},"6":{"start":{"line":10,"column":17},"end":{"line":10,"column":49}},"7":{"start":{"line":12,"column":2},"end":{"line":12,"column":17}},"8":{"start":{"line":13,"column":2},"end":{"line":13,"column":31}},"9":{"start":{"line":16,"column":0},"end":{"line":16,"column":23}}},"fnMap":{"0":{"name":"(anonymous_0)","decl":{"start":{"line":5,"column":26},"end":{"line":5,"column":27}},"loc":{"start":{"line":5,"column":51},"end":{"line":14,"column":1}},"line":5}},"branchMap":{},"s":{"0":1,"1":1,"2":1,"3":1,"4":1,"5":1,"6":1,"7":0,"8":0,"9":1},"f":{"0":1},"b":{},"_coverageSchema":"332fd63041d2c1bcb487cc26dd0d5f7d97098a6c","hash":"40c598eaf442736890d98feb4f18395aa98b1bf6"}
,"/Users/baseline01/Desktop/sideProject/fantasy-tracker-backend/src/routes/scoreboard.js": {"path":"/Users/baseline01/Desktop/sideProject/fantasy-tracker-backend/src/routes/scoreboard.js","statementMap":{"0":{"start":{"line":1,"column":12},"end":{"line":1,"column":26}},"1":{"start":{"line":4,"column":2},"end":{"line":10,"column":3}},"2":{"start":{"line":5,"column":15},"end":{"line":5,"column":61}},"3":{"start":{"line":7,"column":4},"end":{"line":7,"column":15}},"4":{"start":{"line":9,"column":4},"end":{"line":9,"column":18}},"5":{"start":{"line":13,"column":0},"end":{"line":13,"column":27}}},"fnMap":{"0":{"name":"scoreboard","decl":{"start":{"line":3,"column":15},"end":{"line":3,"column":25}},"loc":{"start":{"line":3,"column":32},"end":{"line":11,"column":1}},"line":3}},"branchMap":{},"s":{"0":1,"1":0,"2":0,"3":0,"4":0,"5":1},"f":{"0":0},"b":{},"_coverageSchema":"332fd63041d2c1bcb487cc26dd0d5f7d97098a6c","hash":"0ca4cc889ef4be4bf52873b74de9f1034664d131"}
}
