TN:
SF:/Users/baseline01/Desktop/sideProject/fantasy-tracker-backend/src/app.js
FNF:0
FNH:0
DA:1,1
DA:2,1
DA:3,1
DA:4,1
DA:5,1
DA:6,1
DA:8,1
DA:10,1
DA:15,1
DA:17,1
DA:19,1
DA:21,1
LF:12
LH:12
BRF:0
BRH:0
end_of_record
TN:
SF:/Users/baseline01/Desktop/sideProject/fantasy-tracker-backend/src/server.js
FN:4,(anonymous_0)
FNF:1
FNH:1
FNDA:1,(anonymous_0)
DA:1,1
DA:2,1
DA:4,1
DA:5,1
DA:8,1
LF:5
LH:5
BRF:0
BRH:0
end_of_record
TN:
SF:/Users/baseline01/Desktop/sideProject/fantasy-tracker-backend/src/routes/index.js
FN:5,(anonymous_0)
FNF:1
FNH:1
FNDA:1,(anonymous_0)
DA:1,1
DA:2,1
DA:3,1
DA:5,1
DA:8,1
DA:9,1
DA:10,1
DA:12,0
DA:13,0
DA:16,1
LF:10
LH:8
BRF:0
BRH:0
end_of_record
TN:
SF:/Users/baseline01/Desktop/sideProject/fantasy-tracker-backend/src/routes/scoreboard.js
FN:3,scoreboard
FNF:1
FNH:1
FNDA:1,scoreboard
DA:1,1
DA:4,1
DA:5,1
DA:7,0
DA:9,0
DA:13,1
LF:6
LH:4
BRF:0
BRH:0
end_of_record
