TN:
SF:/Users/baseline01/Desktop/sideProject/fantasy-tracker-backend/src/webserver.js
FN:19,(anonymous_0)
FN:23,(anonymous_1)
FNF:2
FNH:0
FNDA:0,(anonymous_0)
FNDA:0,(anonymous_1)
DA:1,0
DA:2,0
DA:3,0
DA:4,0
DA:5,0
DA:6,0
DA:7,0
DA:9,0
DA:10,0
DA:15,0
DA:17,0
DA:19,0
DA:20,0
DA:23,0
DA:26,0
DA:27,0
DA:29,0
DA:30,0
DA:33,0
LF:19
LH:0
BRF:0
BRH:0
end_of_record
TN:
SF:/Users/baseline01/Desktop/sideProject/fantasy-tracker-backend/src/routes/index.js
FN:5,(anonymous_0)
FNF:1
FNH:0
FNDA:0,(anonymous_0)
DA:1,0
DA:2,0
DA:3,0
DA:5,0
DA:6,0
DA:9,0
LF:6
LH:0
BRF:0
BRH:0
end_of_record
TN:
SF:/Users/baseline01/Desktop/sideProject/fantasy-tracker-backend/src/routes/scoreboard.js
FN:3,scoreboard
FNF:1
FNH:0
FNDA:0,scoreboard
DA:1,0
DA:4,0
DA:5,0
DA:7,0
DA:9,0
DA:13,0
LF:6
LH:0
BRF:0
BRH:0
end_of_record
